Using pre-set license
Built from '2020.3/release' branch; Version is '2020.3.2f1 (8fd9074bf66c) revision 9427207'; Using compiler version '192528614'; Build Type 'Release'
OS: 'Windows 10 Home; OS build 19041.867; Version 2004; 64bit' Language: 'en' Physical Memory: 16111 MB
BatchMode: 1, IsHumanControllingUs: 0, StartBugReporterOnCrash: 0, Is64bit: 1, IsPro: 0

 COMMAND LINE ARGUMENTS:
C:\Program Files\Unity\Hub\Editor\2020.3.2f1\Editor\Unity.exe
-adb2
-batchMode
-noUpm
-name
AssetImportWorker0
-projectPath
C:/Users/samle/OneDrive/Documents/GitHub/NewShelter
-logFile
Logs/AssetImportWorker0.log
-srvPort
54381
Successfully changed project path to: C:/Users/samle/OneDrive/Documents/GitHub/NewShelter
C:/Users/samle/OneDrive/Documents/GitHub/NewShelter
Using Asset Import Pipeline V2.
Refreshing native plugins compatible for Editor in 38.63 ms, found 0 plugins.
Preloading 0 native plugins for Editor in 0.00 ms.
Initialize engine version: 2020.3.2f1 (8fd9074bf66c)
[Subsystems] Discovering subsystems at path C:/Program Files/Unity/Hub/Editor/2020.3.2f1/Editor/Data/Resources/UnitySubsystems
[Subsystems] Discovering subsystems at path C:/Users/samle/OneDrive/Documents/GitHub/NewShelter/Assets
GfxDevice: creating device client; threaded=0
Direct3D:
    Version:  Direct3D 11.0 [level 11.1]
    Renderer: NVIDIA GeForce GTX 1650 (ID=0x1f91)
    Vendor:   
    VRAM:     3964 MB
    Driver:   27.21.14.5751
Initialize mono
Mono path[0] = 'C:/Program Files/Unity/Hub/Editor/2020.3.2f1/Editor/Data/Managed'
Mono path[1] = 'C:/Program Files/Unity/Hub/Editor/2020.3.2f1/Editor/Data/MonoBleedingEdge/lib/mono/unityjit'
Mono config path = 'C:/Program Files/Unity/Hub/Editor/2020.3.2f1/Editor/Data/MonoBleedingEdge/etc'
Using monoOptions --debugger-agent=transport=dt_socket,embedding=1,server=y,suspend=n,address=127.0.0.1:56880
Begin MonoManager ReloadAssembly
Registering precompiled unity dll's ...
Register platform support module: C:/Program Files/Unity/Hub/Editor/2020.3.2f1/Editor/Data/PlaybackEngines/WindowsStandaloneSupport/UnityEditor.WindowsStandalone.Extensions.dll
Registered in 0.001739 seconds.
Native extension for WindowsStandalone target not found
Refreshing native plugins compatible for Editor in 27.20 ms, found 0 plugins.
Preloading 0 native plugins for Editor in 0.00 ms.
Invoked RoslynAnalysisRunner static constructor.
RoslynAnalysisRunner will not be running.
RoslynAnalysisRunner has terminated.
Mono: successfully reloaded assembly
- Completed reload, in  0.930 seconds
Platform modules already initialized, skipping
Registering precompiled user dll's ...
Registered in 0.000670 seconds.
Begin MonoManager ReloadAssembly
Native extension for WindowsStandalone target not found
Refreshing native plugins compatible for Editor in 0.24 ms, found 0 plugins.
Preloading 0 native plugins for Editor in 0.00 ms.
Invoked RoslynAnalysisRunner static constructor.
RoslynAnalysisRunner will not be running.
RoslynAnalysisRunner has terminated.
Mono: successfully reloaded assembly
- Completed reload, in  0.855 seconds
Platform modules already initialized, skipping
========================================================================
Worker process is ready to serve import requests
Launched and connected shader compiler UnityShaderCompiler.exe after 0.06 seconds
Refreshing native plugins compatible for Editor in 0.31 ms, found 0 plugins.
Preloading 0 native plugins for Editor in 0.00 ms.
Unloading 1520 Unused Serialized files (Serialized files now loaded: 0)
System memory in use before: 76.1 MB.
System memory in use after: 76.2 MB.

Unloading 13 unused Assets to reduce memory usage. Loaded Objects now: 1970.
Total: 2.166200 ms (FindLiveObjects: 0.235800 ms CreateObjectMapping: 0.091500 ms MarkObjects: 1.780700 ms  DeleteObjects: 0.057500 ms)

========================================================================
Received Import Request.
  path: Assets/Art/Models/Rooms/Room_Other_Elevator_Sz1.fbm
  artifactKey: Guid(8f086f920e80e4247af0bc9221254bd5) Importer(815301076,1909f56bfc062723c751e8b465ee728b)
Start importing Assets/Art/Models/Rooms/Room_Other_Elevator_Sz1.fbm using Guid(8f086f920e80e4247af0bc9221254bd5) Importer(815301076,1909f56bfc062723c751e8b465ee728b)  -> (artifact id: '849c883a244f6994c75124f9b03cd40b') in 0.012443 seconds
  Import took 0.015993 seconds .

========================================================================
Received Import Request.
  Time since last request: 2.135698 seconds.
  path: Assets/Art/Models/Rooms/Room_All_Standard_Sz2 1.fbx
  artifactKey: Guid(c4f5be68312344f4d941a3d581f895ca) Importer(815301076,1909f56bfc062723c751e8b465ee728b)
Start importing Assets/Art/Models/Rooms/Room_All_Standard_Sz2 1.fbx using Guid(c4f5be68312344f4d941a3d581f895ca) Importer(815301076,1909f56bfc062723c751e8b465ee728b)  -> (artifact id: 'f74912ab18dea9117c087b9085dc8b79') in 0.169835 seconds
  Import took 0.172670 seconds .

========================================================================
Received Import Request.
  Time since last request: 51.650722 seconds.
  path: Assets/Art/Models/Rooms/Room_Other_Armory_Sz2.fbx
  artifactKey: Guid(c4f5be68312344f4d941a3d581f895ca) Importer(815301076,1909f56bfc062723c751e8b465ee728b)
Start importing Assets/Art/Models/Rooms/Room_Other_Armory_Sz2.fbx using Guid(c4f5be68312344f4d941a3d581f895ca) Importer(815301076,1909f56bfc062723c751e8b465ee728b)  -> (artifact id: '0143d55d78c90c7efe59a2f4d7548761') in 0.021255 seconds
  Import took 0.024238 seconds .

========================================================================
Received Import Request.
  Time since last request: 33301.239181 seconds.
  path: Assets/Art/Guns
  artifactKey: Guid(f82f57e20791bf2489ac8c141e686a1d) Importer(815301076,1909f56bfc062723c751e8b465ee728b)
Start importing Assets/Art/Guns using Guid(f82f57e20791bf2489ac8c141e686a1d) Importer(815301076,1909f56bfc062723c751e8b465ee728b)  -> (artifact id: 'ab94bba129358e6295fe26c130c8bd5d') in 0.008479 seconds
  Import took 0.012578 seconds .

========================================================================
Received Import Request.
  Time since last request: 0.774599 seconds.
  path: Assets/Art/Guns/Guns.png
  artifactKey: Guid(45c638c56f495cb4cbd451262823a5c0) Importer(815301076,1909f56bfc062723c751e8b465ee728b)
Start importing Assets/Art/Guns/Guns.png using Guid(45c638c56f495cb4cbd451262823a5c0) Importer(815301076,1909f56bfc062723c751e8b465ee728b)  -> (artifact id: '095ad027daafc364f2b7a14425bb4d15') in 0.048003 seconds
  Import took 0.051756 seconds .

========================================================================
Received Import Request.
  Time since last request: 0.004461 seconds.
  path: Assets/Art/Guns/Guns.png
  artifactKey: Guid(45c638c56f495cb4cbd451262823a5c0) Importer(815301076,1909f56bfc062723c751e8b465ee728b)
Start importing Assets/Art/Guns/Guns.png using Guid(45c638c56f495cb4cbd451262823a5c0) Importer(815301076,1909f56bfc062723c751e8b465ee728b)  -> (artifact id: '095ad027daafc364f2b7a14425bb4d15') in 0.014306 seconds
  Import took 0.016785 seconds .

========================================================================
Received Import Request.
  Time since last request: 21.943945 seconds.
  path: Assets/Art/Guns/Guns.png
  artifactKey: Guid(45c638c56f495cb4cbd451262823a5c0) Importer(815301076,1909f56bfc062723c751e8b465ee728b)
Start importing Assets/Art/Guns/Guns.png using Guid(45c638c56f495cb4cbd451262823a5c0) Importer(815301076,1909f56bfc062723c751e8b465ee728b)  -> (artifact id: 'db04235ec9491c5dd98423c601f26c37') in 0.031672 seconds
  Import took 0.034522 seconds .

AssetImportWorkerClient::OnTransportError - code=2 error=End of file
